Error: multiple output @typescript-eslint/member-delimiter-style ESLint rule options were generated, but tslint-to-eslint-config doesn't have "merger" logic to deal with this.
Please file an issue at https://github.com/typescript-eslint/tslint-to-eslint-config/issues/new?template=missing_merger.md 🙏Error: multiple output @typescript-eslint/consistent-type-assertions ESLint rule options were generated, but tslint-to-eslint-config doesn't have "merger" logic to deal with this.
Please file an issue at https://github.com/typescript-eslint/tslint-to-eslint-config/issues/new?template=missing_merger.md 🙏chai-prefer-contains-to-index-of does not yet have an ESLint equivalent.
chai-vague-errors does not yet have an ESLint equivalent.
encoding does not yet have an ESLint equivalent.
export-name does not yet have an ESLint equivalent.
import-spacing does not yet have an ESLint equivalent.
informative-docs does not yet have an ESLint equivalent.
insecure-random does not yet have an ESLint equivalent.
jquery-deferred-must-complete does not yet have an ESLint equivalent.
jsdoc-format does not yet have an ESLint equivalent.
match-default-export-name does not yet have an ESLint equivalent.
max-func-body-length does not yet have an ESLint equivalent.
mocha-avoid-only does not yet have an ESLint equivalent.
mocha-no-side-effect-code does not yet have an ESLint equivalent.
mocha-unneeded-done does not yet have an ESLint equivalent.
no-cookies does not yet have an ESLint equivalent.
no-delete-expression does not yet have an ESLint equivalent.
no-disable-auto-sanitization does not yet have an ESLint equivalent.
no-document-domain does not yet have an ESLint equivalent.
no-document-write does not yet have an ESLint equivalent.
no-dynamic-delete does not yet have an ESLint equivalent.
no-exec-script does not yet have an ESLint equivalent.
no-function-constructor-with-string-args does not yet have an ESLint equivalent.
no-function-expression does not yet have an ESLint equivalent.
no-http-string does not yet have an ESLint equivalent.
no-inner-html does not yet have an ESLint equivalent.
no-jquery-raw-elements does not yet have an ESLint equivalent.
no-redundant-jsdoc does not yet have an ESLint equivalent.
no-reference-import does not yet have an ESLint equivalent.
no-string-based-set-immediate does not yet have an ESLint equivalent.
no-string-based-set-interval does not yet have an ESLint equivalent.
no-string-based-set-timeout does not yet have an ESLint equivalent.
no-typeof-undefined does not yet have an ESLint equivalent.
no-unnecessary-bind does not yet have an ESLint equivalent.
no-unnecessary-callback-wrapper does not yet have an ESLint equivalent.
no-unnecessary-field-initialization does not yet have an ESLint equivalent.
no-unnecessary-override does not yet have an ESLint equivalent.
no-unsafe-any does not yet have an ESLint equivalent.
no-unsupported-browser-code does not yet have an ESLint equivalent.
no-useless-files does not yet have an ESLint equivalent.
no-with-statement does not yet have an ESLint equivalent.
non-literal-fs-path does not yet have an ESLint equivalent.
non-literal-require does not yet have an ESLint equivalent.
number-literal-format does not yet have an ESLint equivalent.
one-line does not yet have an ESLint equivalent.
possible-timing-attack does not yet have an ESLint equivalent.
prefer-array-literal does not yet have an ESLint equivalent.
prefer-method-signature does not yet have an ESLint equivalent.
prefer-while does not yet have an ESLint equivalent.
promise-must-complete does not yet have an ESLint equivalent.
react-a11y-anchors does not yet have an ESLint equivalent.
react-a11y-aria-unsupported-elements does not yet have an ESLint equivalent.
react-a11y-event-has-role does not yet have an ESLint equivalent.
react-a11y-image-button-has-alt does not yet have an ESLint equivalent.
react-a11y-img-has-alt does not yet have an ESLint equivalent.
react-a11y-input-elements does not yet have an ESLint equivalent.
react-a11y-lang does not yet have an ESLint equivalent.
react-a11y-meta does not yet have an ESLint equivalent.
react-a11y-no-onchange does not yet have an ESLint equivalent.
react-a11y-props does not yet have an ESLint equivalent.
react-a11y-proptypes does not yet have an ESLint equivalent.
react-a11y-required does not yet have an ESLint equivalent.
react-a11y-role does not yet have an ESLint equivalent.
react-a11y-role-has-required-aria-props does not yet have an ESLint equivalent.
react-a11y-role-supports-aria-props does not yet have an ESLint equivalent.
react-a11y-tabindex-no-positive does not yet have an ESLint equivalent.
react-a11y-titles does not yet have an ESLint equivalent.
react-anchor-blank-noopener does not yet have an ESLint equivalent.
react-iframe-missing-sandbox does not yet have an ESLint equivalent.
react-no-dangerous-html does not yet have an ESLint equivalent.
react-this-binding-issue does not yet have an ESLint equivalent.
react-unused-props-and-state does not yet have an ESLint equivalent.
switch-final-break does not yet have an ESLint equivalent.
typedef does not yet have an ESLint equivalent.
underscore-consistent-invocation does not yet have an ESLint equivalent.
use-named-parameter does not yet have an ESLint equivalent.
use-simple-attributes does not yet have an ESLint equivalent.
whitespace does not yet have an ESLint equivalent.
